Arguments: 
  /usr/local/bin/node /opt/yarn-v1.22.19/bin/yarn.js add vue-csv-importyarn i

PATH: 
  /usr/local/sbin:/usr/local/bin:/usr/sbin:/usr/bin:/sbin:/bin

Yarn version: 
  1.22.19

Node version: 
  14.21.3

Platform: 
  linux x64

Trace: 
  Error: https://registry.yarnpkg.com/vue-csv-importyarn: Not found
      at Request.params.callback [as _callback] (/opt/yarn-v1.22.19/lib/cli.js:66145:18)
      at Request.self.callback (/opt/yarn-v1.22.19/lib/cli.js:140890:22)
      at Request.emit (events.js:400:28)
      at Request.<anonymous> (/opt/yarn-v1.22.19/lib/cli.js:141862:10)
      at Request.emit (events.js:400:28)
      at IncomingMessage.<anonymous> (/opt/yarn-v1.22.19/lib/cli.js:141784:12)
      at Object.onceWrapper (events.js:519:28)
      at IncomingMessage.emit (events.js:412:35)
      at endReadableNT (internal/streams/readable.js:1333:12)
      at processTicksAndRejections (internal/process/task_queues.js:82:21)

npm manifest: 
  {
    "dependencies": {
      "chart.js": "^4.4.2",
      "filepond": "^4.30.6",
      "vue-chartjs": "^5.3.0",
      "vue-csv-import": "^4.1.2",
      "vue-filepond": "^7.0.4",
      "vue-router": "^4.3.0"
    },
    "devDependencies": {}
  }

yarn manifest: 
  No manifest

Lockfile: 
  # THIS IS AN AUTOGENERATED FILE. DO NOT EDIT THIS FILE DIRECTLY.
  # yarn lockfile v1
  
  
  "@kurkle/color@^0.3.0":
    version "0.3.2"
    resolved "https://registry.yarnpkg.com/@kurkle/color/-/color-0.3.2.tgz#5acd38242e8bde4f9986e7913c8fdf49d3aa199f"
    integrity sha512-fuscdXJ9G1qb7W8VdHi+IwRqij3lBkosAm4ydQtEmbY58OzHXqQhvlxqEkoz0yssNVn38bcpRWgA9PP+OGoisw==
  
  "@vue/devtools-api@^6.5.1":
    version "6.6.1"
    resolved "https://registry.yarnpkg.com/@vue/devtools-api/-/devtools-api-6.6.1.tgz#7c14346383751d9f6ad4bea0963245b30220ef83"
    integrity sha512-LgPscpE3Vs0x96PzSSB4IGVSZXZBZHpfxs+ZA1d+VEPwHdOXowy/Y2CsvCAIFrf+ssVU1pD1jidj505EpUnfbA==
  
  axios@^0.21.1:
    version "0.21.4"
    resolved "https://registry.yarnpkg.com/axios/-/axios-0.21.4.tgz#c67b90dc0568e5c1cf2b0b858c43ba28e2eda575"
    integrity sha512-ut5vewkiu8jjGBdqpM44XxjuCjq9LAKeHVmoVfHVzy8eHgxxq8SbAVQNovDA8mVi05kP0Ea/n/UzcSHcTJQfNg==
    dependencies:
      follow-redirects "^1.14.0"
  
  chart.js@^4.4.2:
    version "4.4.2"
    resolved "https://registry.yarnpkg.com/chart.js/-/chart.js-4.4.2.tgz#95962fa6430828ed325a480cc2d5f2b4e385ac31"
    integrity sha512-6GD7iKwFpP5kbSD4MeRRRlTnQvxfQREy36uEtm1hzHzcOqwWx0YEHuspuoNlslu+nciLIB7fjjsHkUv/FzFcOg==
    dependencies:
      "@kurkle/color" "^0.3.0"
  
  filepond@^4.30.6:
    version "4.30.6"
    resolved "https://registry.yarnpkg.com/filepond/-/filepond-4.30.6.tgz#59ef22196f810be169c77f3f1fc1439931844a3a"
    integrity sha512-gBsVKJgr5HFTkQSA/3R6utne4Qt6Pue0O3+k3IjjVBbaQxMgGMI0fXwoob9SdRRoULCs8BAhWjttM28hOAi/0w==
  
  follow-redirects@^1.14.0:
    version "1.15.6"
    resolved "https://registry.yarnpkg.com/follow-redirects/-/follow-redirects-1.15.6.tgz#7f815c0cda4249c74ff09e95ef97c23b5fd0399b"
    integrity sha512-wWN62YITEaOpSK584EZXJafH1AGpO8RVgElfkuXbTOrPX4fIfOyEpW/CsiNd8JdYrAoOvafRTOEnvsO++qCqFA==
  
  lodash@^4.17.20:
    version "4.17.21"
    resolved "https://registry.yarnpkg.com/lodash/-/lodash-4.17.21.tgz#679591c564c3bffaae8454cf0b3df370c3d6911c"
    integrity sha512-v2kDEe57lecTulaDIuNTPy3Ry4gLGJ6Z1O3vE1krgXZNrsQ+LFTGHVxVjcXPs17LhbZVGedAJv8XZ1tvj5FvSg==
  
  papaparse@^5.0.0:
    version "5.4.1"
    resolved "https://registry.yarnpkg.com/papaparse/-/papaparse-5.4.1.tgz#f45c0f871853578bd3a30f92d96fdcfb6ebea127"
    integrity sha512-HipMsgJkZu8br23pW15uvo6sib6wne/4woLZPlFf3rpDyMe9ywEXUsuD7+6K9PRkJlVT51j/sCOYDKGGS3ZJrw==
  
  vue-chartjs@^5.3.0:
    version "5.3.0"
    resolved "https://registry.yarnpkg.com/vue-chartjs/-/vue-chartjs-5.3.0.tgz#59920a07d72f37a2375d495256e486b92813bf6e"
    integrity sha512-8XqX0JU8vFZ+WA2/knz4z3ThClduni2Nm0BMe2u0mXgTfd9pXrmJ07QBI+WAij5P/aPmPMX54HCE1seWL37ZdQ==
  
  vue-csv-import@^4.1.2:
    version "4.1.2"
    resolved "https://registry.yarnpkg.com/vue-csv-import/-/vue-csv-import-4.1.2.tgz#02fa87bf4fb1e8e732234d6728ae9e98c5352916"
    integrity sha512-sw/iY3taDUjkA7c/OF8waknrUzJKTm0imyom/cmeMUT68pKvN/mG6ufJPMIppzpulJ+y7Rpuo+aAtrnwyb0yGg==
    dependencies:
      axios "^0.21.1"
      lodash "^4.17.20"
      papaparse "^5.0.0"
  
  vue-filepond@^7.0.4:
    version "7.0.4"
    resolved "https://registry.yarnpkg.com/vue-filepond/-/vue-filepond-7.0.4.tgz#6a01c092c38aaf1cfe7baa7cb43a0ed9e0441f00"
    integrity sha512-HvWlCG8qjvyykrpPTDjJ+JqsHTXt5/0zWMX9vu7kU3JXCUODPUkGi9prZcauOnIZ4MqyeSZ9M0sDVwdMATyt1g==
  
  vue-router@^4.3.0:
    version "4.3.0"
    resolved "https://registry.yarnpkg.com/vue-router/-/vue-router-4.3.0.tgz#d5913f27bf68a0a178ee798c3c88be471811a235"
    integrity sha512-dqUcs8tUeG+ssgWhcPbjHvazML16Oga5w34uCUmsk7i0BcnskoLGwjpa15fqMr2Fa5JgVBrdL2MEgqz6XZ/6IQ==
    dependencies:
      "@vue/devtools-api" "^6.5.1"
